#-----------------------------------------------------------
# Vivado v2019.2 (64-bit)
# SW Build 2708876 on Wed Nov  6 21:40:23 MST 2019
# IP Build 2700528 on Thu Nov  7 00:09:20 MST 2019
# Start of session at: Sun Oct  8 20:46:31 2023
# Process ID: 1820
# Current directory: F:/project/RS232/RS232
# Command line: vivado.exe -gui_launcher_event rodinguilauncherevent18356 F:\project\RS232\RS232\RS232.xpr
# Log file: F:/project/RS232/RS232/vivado.log
# Journal file: F:/project/RS232/RS232\vivado.jou
#-----------------------------------------------------------
start_gui
open_project F:/project/RS232/RS232/RS232.xpr
Scanning sources...
Finished scanning sources
INFO: [IP_Flow 19-234] Refreshing IP repositories
INFO: [IP_Flow 19-1704] No user IP repositories specified
INFO: [IP_Flow 19-2313] Loaded Vivado IP repository 'F:/vivado/2019.2/data/ip'.
update_compile_order -fileset sources_1
exit
INFO: [Common 17-206] Exiting Vivado at Sun Oct  8 21:17:29 2023...
