# do {tb_harf_adder_compile.do}
# ** Warning: (vlib-34) Library already exists at "modelsim_lib/work".
# ** Warning: (vlib-34) Library already exists at "modelsim_lib/msim".
# ** Warning: (vlib-34) Library already exists at "modelsim_lib/msim/xil_defaultlib".
# Model Technology ModelSim SE-64 vmap 10.5 Lib Mapping Utility 2016.02 Feb 13 2016
# vmap xil_defaultlib modelsim_lib/msim/xil_defaultlib 
# Modifying modelsim.ini
# ** Warning: (vlog-159) Mode option -64 is not supported in this context and will be ignored.
# Model Technology ModelSim SE-64 vlog 10.5 Compiler 2016.02 Feb 13 2016
# Start time: 21:36:59 on Sep 03,2023
# vlog -64 -incr -work xil_defaultlib ../../../../../rtl/harf_adder.v ../../../../harf_adder.srcs/sim_1/imports/rtl/tb_harf_adder.v 
# -- Skipping module harf_adder
# -- Compiling module tb_harf_adder
# 
# Top level modules:
# 	tb_harf_adder
# End time: 21:36:59 on Sep 03,2023, Elapsed time: 0:00:00
# Errors: 0, Warnings: 1
# Model Technology ModelSim SE-64 vlog 10.5 Compiler 2016.02 Feb 13 2016
# Start time: 21:36:59 on Sep 03,2023
# vlog -work xil_defaultlib glbl.v 
# -- Compiling module glbl
# 
# Top level modules:
# 	glbl
# End time: 21:36:59 on Sep 03,2023, Elapsed time: 0:00:00
# Errors: 0, Warnings: 0
