#-----------------------------------------------------------
# Vivado v2019.2 (64-bit)
# SW Build 2708876 on Wed Nov  6 21:40:23 MST 2019
# IP Build 2700528 on Thu Nov  7 00:09:20 MST 2019
# Start of session at: Fri Sep  1 18:18:12 2023
# Process ID: 15760
# Current directory: F:/progect/led/vivado_prj/led_my_2
# Command line: vivado.exe -gui_launcher_event rodinguilauncherevent14464 F:\progect\led\vivado_prj\led_my_2\led_my_2.xpr
# Log file: F:/progect/led/vivado_prj/led_my_2/vivado.log
# Journal file: F:/progect/led/vivado_prj/led_my_2\vivado.jou
#-----------------------------------------------------------
start_gui
open_project F:/progect/led/vivado_prj/led_my_2/led_my_2.xpr
Scanning sources...
Finished scanning sources
INFO: [IP_Flow 19-234] Refreshing IP repositories
INFO: [IP_Flow 19-1704] No user IP repositories specified
INFO: [IP_Flow 19-2313] Loaded Vivado IP repository 'F:/vivado/2019.2/data/ip'.
update_compile_order -fileset sources_1
reset_run impl_1 -prev_step 
launch_runs impl_1 -to_step write_bitstream -jobs 12
[Fri Sep  1 18:18:32 2023] Launched impl_1...
Run output will be captured here: F:/progect/led/vivado_prj/led_my_2/led_my_2.runs/impl_1/runme.log
open_run impl_1
INFO: [Device 21-403] Loading part xc7a35tcsg324-1
Netlist sorting complete. Time (s): cpu = 00:00:00 ; elapsed = 00:00:00 . Memory (MB): peak = 1214.379 ; gain = 0.000
INFO: [Project 1-479] Netlist was created with Vivado 2019.2
INFO: [Project 1-570] Preparing netlist for logic optimization
INFO: [Timing 38-478] Restoring timing data from binary archive.
INFO: [Timing 38-479] Binary timing data restore complete.
INFO: [Project 1-856] Restoring constraints from binary archive.
INFO: [Project 1-853] Binary constraint restore complete.
Reading XDEF placement.
Reading placer database...
Reading XDEF routing.
Read XDEF File: Time (s): cpu = 00:00:01 ; elapsed = 00:00:00.022 . Memory (MB): peak = 1801.426 ; gain = 0.000
Restored from archive | CPU: 1.000000 secs | Memory: 0.000000 MB |
Finished XDEF File Restore: Time (s): cpu = 00:00:01 ; elapsed = 00:00:00.022 . Memory (MB): peak = 1801.426 ; gain = 0.000
Netlist sorting complete. Time (s): cpu = 00:00:00 ; elapsed = 00:00:00 . Memory (MB): peak = 1801.426 ; gain = 0.000
INFO: [Project 1-111] Unisim Transformation Summary:
No Unisim elements were transformed.

open_run: Time (s): cpu = 00:00:20 ; elapsed = 00:00:13 . Memory (MB): peak = 1984.910 ; gain = 951.152
WARNING: [Timing 38-313] There are no user specified timing constraints. Timing constraints are needed for proper timing analysis.
reset_run impl_1 -prev_step 
launch_runs impl_1 -to_step write_bitstream -jobs 12
[Fri Sep  1 18:20:18 2023] Launched impl_1...
Run output will be captured here: F:/progect/led/vivado_prj/led_my_2/led_my_2.runs/impl_1/runme.log
exit
INFO: [Common 17-206] Exiting Vivado at Fri Sep  1 18:22:14 2023...
