# do {tb_flip_flop_compile.do}
# Model Technology ModelSim SE-64 vmap 10.5 Lib Mapping Utility 2016.02 Feb 13 2016
# vmap xil_defaultlib modelsim_lib/msim/xil_defaultlib 
# Modifying modelsim.ini
# ** Warning: (vlog-159) Mode option -64 is not supported in this context and will be ignored.
# Model Technology ModelSim SE-64 vlog 10.5 Compiler 2016.02 Feb 13 2016
# Start time: 21:00:15 on Sep 05,2023
# vlog -64 -incr -work xil_defaultlib ../../../../../rtl/flip_flop.v ../../../../../rtl/flip_flop_1.v ../../../../../sim/tb_flip_flop.v 
# -- Compiling module flip_flop
# -- Compiling module flip_flop_1
# -- Compiling module tb_flip_flop
# 
# Top level modules:
# 	tb_flip_flop
# End time: 21:00:15 on Sep 05,2023, Elapsed time: 0:00:00
# Errors: 0, Warnings: 1
# Model Technology ModelSim SE-64 vlog 10.5 Compiler 2016.02 Feb 13 2016
# Start time: 21:00:15 on Sep 05,2023
# vlog -work xil_defaultlib glbl.v 
# -- Compiling module glbl
# 
# Top level modules:
# 	glbl
# End time: 21:00:16 on Sep 05,2023, Elapsed time: 0:00:01
# Errors: 0, Warnings: 0
