Vivado Simulator 2019.2
Time resolution is 1 ps
@time    0ns: key_in = 0 led_out = x
@time   10ns: key_in = 0 led_out = 0
@time   20ns: key_in = 1 led_out = 0
@time   30ns: key_in = 1 led_out = 1
@time   80ns: key_in = 0 led_out = 1
@time   90ns: key_in = 1 led_out = 0
@time  100ns: key_in = 1 led_out = 1
@time  110ns: key_in = 0 led_out = 1
@time  120ns: key_in = 1 led_out = 0
@time  130ns: key_in = 1 led_out = 1
@time  140ns: key_in = 0 led_out = 1
@time  150ns: key_in = 1 led_out = 0
@time  160ns: key_in = 0 led_out = 1
@time  170ns: key_in = 1 led_out = 0
@time  180ns: key_in = 0 led_out = 1
@time  190ns: key_in = 1 led_out = 0
@time  200ns: key_in = 1 led_out = 1
@time  210ns: key_in = 0 led_out = 1
@time  220ns: key_in = 1 led_out = 0
@time  230ns: key_in = 0 led_out = x
@time  240ns: key_in = 0 led_out = 0
@time  260ns: key_in = 1 led_out = 0
@time  270ns: key_in = 0 led_out = 0
@time  280ns: key_in = 1 led_out = 0
@time  290ns: key_in = 1 led_out = 1
@time  320ns: key_in = 0 led_out = 1
@time  330ns: key_in = 0 led_out = 0
@time  360ns: key_in = 1 led_out = 0
@time  370ns: key_in = 0 led_out = 1
@time  380ns: key_in = 1 led_out = 0
@time  390ns: key_in = 1 led_out = 1
@time  430ns: key_in = 0 led_out = 1
@time  440ns: key_in = 0 led_out = 0
@time  450ns: key_in = 1 led_out = 0
@time  460ns: key_in = 1 led_out = 1
@time  480ns: key_in = 0 led_out = 1
@time  490ns: key_in = 0 led_out = 0
@time  530ns: key_in = 1 led_out = 0
@time  540ns: key_in = 0 led_out = 1
@time  550ns: key_in = 0 led_out = 0
@time  560ns: key_in = 1 led_out = 0
@time  570ns: key_in = 1 led_out = 1
@time  580ns: key_in = 0 led_out = 1
@time  590ns: key_in = 0 led_out = 0
@time  630ns: key_in = 1 led_out = 0
@time  640ns: key_in = 1 led_out = 1
@time  680ns: key_in = 0 led_out = 1
@time  690ns: key_in = 0 led_out = 0
@time  700ns: key_in = 1 led_out = 0
@time  710ns: key_in = 1 led_out = 1
@time  730ns: key_in = 0 led_out = 1
@time  740ns: key_in = 0 led_out = 0
@time  750ns: key_in = 1 led_out = 0
@time  760ns: key_in = 1 led_out = 1
@time  770ns: key_in = 0 led_out = 1
@time  780ns: key_in = 1 led_out = 0
@time  790ns: key_in = 1 led_out = 1
@time  800ns: key_in = 0 led_out = 1
@time  810ns: key_in = 1 led_out = 0
@time  820ns: key_in = 1 led_out = 1
@time  840ns: key_in = 0 led_out = 1
@time  850ns: key_in = 1 led_out = 0
@time  860ns: key_in = 1 led_out = 1
@time  870ns: key_in = 0 led_out = 1
@time  880ns: key_in = 0 led_out = 0
@time  910ns: key_in = 1 led_out = 0
@time  920ns: key_in = 1 led_out = 1
@time  930ns: key_in = 0 led_out = 1
@time  940ns: key_in = 0 led_out = 0
@time  950ns: key_in = 1 led_out = 0
@time  960ns: key_in = 1 led_out = 1
@time 1000ns: key_in = 0 led_out = 1
