# //  ModelSim SE-64 10.5 Feb 13 2016 
# //
# //  Copyright 1991-2016 Mentor Graphics Corporation
# //  All Rights Reserved.
# //
# //  ModelSim SE-64 and its associated documentation contain trade
# //  secrets and commercial or financial information that are the property of
# //  Mentor Graphics Corporation and are privileged, confidential,
# //  and exempt from disclosure under the Freedom of Information Act,
# //  5 U.S.C. Section 552. Furthermore, this information
# //  is prohibited from disclosure under the Trade Secrets Act,
# //  18 U.S.C. Section 1905.
# //
# do {tb_simplex_fsm_simulate.do}
# vsim -voptargs=""+acc"" -L xil_defaultlib -L unisims_ver -L secureip -lib xil_defaultlib xil_defaultlib.tb_simplex_fsm xil_defaultlib.glbl 
# Start time: 17:08:20 on Sep 08,2023
# ** Note: (vsim-3812) Design is being optimized...
# ** Error: ../../../../../../../sim/tb_simplex_fsm.v(67): Initializer must be a constant value or constant expression.
# ** Error: (vopt-2064) Compiler back-end code generation process terminated with code 2.
# Error loading design
# Error: Error loading design
#        Pausing macro execution
# MACRO ./tb_simplex_fsm_simulate.do PAUSED at line 9
find drivers -source -time {346 ns} -cause {}
# End time: 17:08:37 on Sep 08,2023, Elapsed time: 0:00:17
# Errors: 2, Warnings: 0
