# //  ModelSim SE-64 10.5 Feb 13 2016 
# //
# //  Copyright 1991-2016 Mentor Graphics Corporation
# //  All Rights Reserved.
# //
# //  ModelSim SE-64 and its associated documentation contain trade
# //  secrets and commercial or financial information that are the property of
# //  Mentor Graphics Corporation and are privileged, confidential,
# //  and exempt from disclosure under the Freedom of Information Act,
# //  5 U.S.C. Section 552. Furthermore, this information
# //  is prohibited from disclosure under the Trade Secrets Act,
# //  18 U.S.C. Section 1905.
# //
# do {tb_simplex_fsm_simulate.do}
# vsim -voptargs=""+acc"" -L xil_defaultlib -L unisims_ver -L unimacro_ver -L secureip -lib xil_defaultlib xil_defaultlib.tb_simplex_fsm xil_defaultlib.glbl 
# Start time: 20:33:20 on Sep 11,2023
# ** Note: (vsim-8009) Loading existing optimized design _opt
# Loading work.tb_simplex_fsm(fast)
# Loading work.simplex_fsm(fast)
# Loading work.glbl(fast)
# ** Error: (vsim-8220) ../../../../../../sim/tb_simplex_fsm.v(67): This or another usage of 'simplex_fsm_inst.stage' inconsistent with 'register' object.
#    Time: 0 ps  Iteration: 0  Instance: /tb_simplex_fsm File: ../../../../../../sim/tb_simplex_fsm.v
# Error loading design
# Error: Error loading design
#        Pausing macro execution
# MACRO ./tb_simplex_fsm_simulate.do PAUSED at line 9
# End time: 20:33:26 on Sep 11,2023, Elapsed time: 0:00:06
# Errors: 1, Warnings: 0
