# do {tb_led_compile.do}
# ** Warning: (vlib-34) Library already exists at "modelsim_lib/work".
# ** Warning: (vlib-34) Library already exists at "modelsim_lib/msim".
# ** Warning: (vlib-34) Library already exists at "modelsim_lib/msim/xil_defaultlib".
# Model Technology ModelSim SE-64 vmap 10.5 Lib Mapping Utility 2016.02 Feb 13 2016
# vmap xil_defaultlib modelsim_lib/msim/xil_defaultlib 
# Modifying modelsim.ini
# ** Warning: (vlog-159) Mode option -64 is not supported in this context and will be ignored.
# Model Technology ModelSim SE-64 vlog 10.5 Compiler 2016.02 Feb 13 2016
# Start time: 17:02:56 on Sep 01,2023
# vlog -64 -incr -work xil_defaultlib ../../../../../../rtl/led.v ../../../../../../rtl/tb_leb.v 
# -- Skipping module led
# -- Skipping module tb_led
# 
# Top level modules:
# 	tb_led
# End time: 17:02:56 on Sep 01,2023, Elapsed time: 0:00:00
# Errors: 0, Warnings: 1
# Model Technology ModelSim SE-64 vlog 10.5 Compiler 2016.02 Feb 13 2016
# Start time: 17:02:56 on Sep 01,2023
# vlog -work xil_defaultlib glbl.v 
# -- Compiling module glbl
# 
# Top level modules:
# 	glbl
# End time: 17:02:56 on Sep 01,2023, Elapsed time: 0:00:00
# Errors: 0, Warnings: 0
