#-----------------------------------------------------------
# Vivado v2019.2 (64-bit)
# SW Build 2708876 on Wed Nov  6 21:40:23 MST 2019
# IP Build 2700528 on Thu Nov  7 00:09:20 MST 2019
# Start of session at: Wed Sep 27 16:11:04 2023
# Process ID: 25384
# Current directory: F:/project/VGA/colorbar
# Command line: vivado.exe -gui_launcher_event rodinguilauncherevent18920 F:\project\VGA\colorbar\colorbar.xpr
# Log file: F:/project/VGA/colorbar/vivado.log
# Journal file: F:/project/VGA/colorbar\vivado.jou
#-----------------------------------------------------------
start_gui
open_project F:/project/VGA/colorbar/colorbar.xpr
Scanning sources...
Finished scanning sources
INFO: [IP_Flow 19-234] Refreshing IP repositories
INFO: [IP_Flow 19-1704] No user IP repositories specified
INFO: [IP_Flow 19-2313] Loaded Vivado IP repository 'F:/vivado/2019.2/data/ip'.
update_compile_order -fileset sources_1
open_hw_manager
connect_hw_server -allow_non_jtag
INFO: [Labtools 27-2285] Connecting to hw_server url TCP:localhost:3121
INFO: [Labtools 27-2222] Launching hw_server...
INFO: [Labtools 27-2221] Launch Output:

****** Xilinx hw_server v2019.2
  **** Build date : Nov  6 2019 at 22:12:23
    ** Copyright 1986-2019 Xilinx, Inc. All Rights Reserved.


INFO: [Labtools 27-3415] Connecting to cs_server url TCP:localhost:3042
INFO: [Labtools 27-3417] Launching cs_server...
INFO: [Labtools 27-2221] Launch Output:


****** Xilinx cs_server v2019.2.0
  **** Build date : Nov 07 2019-13:28:22
    ** Copyright 2017-2019 Xilinx, Inc. All Rights Reserved.



connect_hw_server: Time (s): cpu = 00:00:01 ; elapsed = 00:00:06 . Memory (MB): peak = 918.746 ; gain = 6.098
open_hw_target
INFO: [Labtoolstcl 44-466] Opening hw_target localhost:3121/xilinx_tcf/Xilinx/1234-tulA
set_property PROGRAM.FILE {F:/project/VGA/colorbar/colorbar.runs/impl_1/vag_colorbar.bit} [get_hw_devices xc7a35t_0]
current_hw_device [get_hw_devices xc7a35t_0]
refresh_hw_device -update_hw_probes false [lindex [get_hw_devices xc7a35t_0] 0]
INFO: [Labtools 27-1434] Device xc7a35t (JTAG device index = 0) is programmed with a design that has no supported debug core(s) in it.
set_property PROBES.FILE {} [get_hw_devices xc7a35t_0]
set_property FULL_PROBES.FILE {} [get_hw_devices xc7a35t_0]
set_property PROGRAM.FILE {F:/project/VGA/colorbar/colorbar.runs/impl_1/vag_colorbar.bit} [get_hw_devices xc7a35t_0]
program_hw_devices [get_hw_devices xc7a35t_0]
INFO: [Labtools 27-3164] End of startup status: HIGH
refresh_hw_device [lindex [get_hw_devices xc7a35t_0] 0]
INFO: [Labtools 27-1434] Device xc7a35t (JTAG device index = 0) is programmed with a design that has no supported debug core(s) in it.
launch_simulation
Command: launch_simulation 
INFO: [Vivado 12-5698] Checking validity of IPs in the design for the 'XSim' simulator...
INFO: [Vivado 12-5682] Launching behavioral simulation in 'F:/project/VGA/colorbar/colorbar.sim/sim_1/behav/xsim'
INFO: [Vivado 12-4795] Using compiled simulation libraries for IPs
INFO: [SIM-utils-51] Simulation object is 'sim_1'
INFO: [USF-XSim-7] Finding pre-compiled libraries...
INFO: [USF-XSim-11] File 'F:/vivado/2019.2/data/xsim/xsim.ini' copied to run dir:'F:/project/VGA/colorbar/colorbar.sim/sim_1/behav/xsim'
INFO: [SIM-utils-54] Inspecting design source files for 'tb_colorbar' in fileset 'sim_1'...
INFO: [USF-XSim-97] Finding global include files...
INFO: [USF-XSim-98] Fetching design files from 'sim_1'...
INFO: [USF-XSim-2] XSim::Compile design
INFO: [USF-XSim-61] Executing 'COMPILE and ANALYZE' step in 'F:/project/VGA/colorbar/colorbar.sim/sim_1/behav/xsim'
"xvlog --incr --relax -prj tb_colorbar_vlog.prj"
INFO: [VRFC 10-2263] Analyzing Verilog file "F:/project/VGA/colorbar/colorbar.srcs/sources_1/ip/pll_108/pll_108_clk_wiz.v" into library xil_defaultlib
INFO: [VRFC 10-311] analyzing module pll_108_clk_wiz
INFO: [VRFC 10-2263] Analyzing Verilog file "F:/project/VGA/colorbar/colorbar.srcs/sources_1/ip/pll_108/pll_108.v" into library xil_defaultlib
INFO: [VRFC 10-311] analyzing module pll_108
INFO: [VRFC 10-2263] Analyzing Verilog file "F:/project/VGA/colorbar/colorbar.srcs/sources_1/new/vag_colorbar.v" into library xil_defaultlib
INFO: [VRFC 10-311] analyzing module vag_colorbar
INFO: [VRFC 10-2263] Analyzing Verilog file "F:/project/VGA/colorbar/colorbar.srcs/sources_1/new/vga_ctrl.v" into library xil_defaultlib
INFO: [VRFC 10-311] analyzing module vga_ctrl
INFO: [VRFC 10-2263] Analyzing Verilog file "F:/project/VGA/colorbar/colorbar.srcs/sources_1/new/vga_pic.v" into library xil_defaultlib
INFO: [VRFC 10-311] analyzing module vga_pic
INFO: [VRFC 10-2263] Analyzing Verilog file "F:/project/VGA/colorbar/colorbar.srcs/sim_1/new/tb_colorbar.v" into library xil_defaultlib
INFO: [VRFC 10-311] analyzing module tb_colorbar
INFO: [USF-XSim-69] 'compile' step finished in '2' seconds
INFO: [USF-XSim-3] XSim::Elaborate design
INFO: [USF-XSim-61] Executing 'ELABORATE' step in 'F:/project/VGA/colorbar/colorbar.sim/sim_1/behav/xsim'
"xelab -wto edfd6cf6738948189a792540fe13d960 --incr --debug typical --relax --mt 2 -L xil_defaultlib -L unisims_ver -L unimacro_ver -L secureip -L xpm --snapshot tb_colorbar_behav xil_defaultlib.tb_colorbar xil_defaultlib.glbl -log elaborate.log"
Vivado Simulator 2019.2
Copyright 1986-1999, 2001-2019 Xilinx, Inc. All Rights Reserved.
Running: F:/vivado/2019.2/bin/unwrapped/win64.o/xelab.exe -wto edfd6cf6738948189a792540fe13d960 --incr --debug typical --relax --mt 2 -L xil_defaultlib -L unisims_ver -L unimacro_ver -L secureip -L xpm --snapshot tb_colorbar_behav xil_defaultlib.tb_colorbar xil_defaultlib.glbl -log elaborate.log 
Using 2 slave threads.
Starting static elaboration
Pass Through NonSizing Optimizer
Completed static elaboration
Starting simulation data flow analysis
Completed simulation data flow analysis
Time Resolution for simulation is 1ps
Compiling module unisims_ver.IBUF
Compiling module unisims_ver.PLLE2_ADV(CLKFBOUT_MULT=54,CLKIN...
Compiling module unisims_ver.BUFG
Compiling module xil_defaultlib.pll_108_clk_wiz
Compiling module xil_defaultlib.pll_108
Compiling module xil_defaultlib.vga_ctrl
Compiling module xil_defaultlib.vga_pic
Compiling module xil_defaultlib.vag_colorbar
Compiling module xil_defaultlib.tb_colorbar_1
Compiling module xil_defaultlib.glbl
Built simulation snapshot tb_colorbar_behav

****** Webtalk v2019.2 (64-bit)
  **** SW Build 2708876 on Wed Nov  6 21:40:23 MST 2019
  **** IP Build 2700528 on Thu Nov  7 00:09:20 MST 2019
    ** Copyright 1986-2019 Xilinx, Inc. All Rights Reserved.

source F:/project/VGA/colorbar/colorbar.sim/sim_1/behav/xsim/xsim.dir/tb_colorbar_behav/webtalk/xsim_webtalk.tcl -notrace
INFO: [Common 17-206] Exiting Webtalk at Wed Sep 27 16:12:21 2023...
INFO: [USF-XSim-69] 'elaborate' step finished in '4' seconds
INFO: [USF-XSim-4] XSim::Simulate design
INFO: [USF-XSim-61] Executing 'SIMULATE' step in 'F:/project/VGA/colorbar/colorbar.sim/sim_1/behav/xsim'
INFO: [USF-XSim-98] *** Running xsim
   with args "tb_colorbar_behav -key {Behavioral:sim_1:Functional:tb_colorbar} -tclbatch {tb_colorbar.tcl} -log {simulate.log}"
INFO: [USF-XSim-8] Loading simulator feature
Vivado Simulator 2019.2
Time resolution is 1 ps
source tb_colorbar.tcl
# set curr_wave [current_wave_config]
# if { [string length $curr_wave] == 0 } {
#   if { [llength [get_objects]] > 0} {
#     add_wave /
#     set_property needs_save false [current_wave_config]
#   } else {
#      send_msg_id Add_Wave-1 WARNING "No top level signals found. Simulator will start without a wave window. If you want to open a wave window go to 'File->New Waveform Configuration' or type 'create_wave_config' in the TCL console."
#   }
# }
# run 1000ns
xsim: Time (s): cpu = 00:00:05 ; elapsed = 00:00:10 . Memory (MB): peak = 2265.395 ; gain = 67.258
INFO: [USF-XSim-96] XSim completed. Design snapshot 'tb_colorbar_behav' loaded.
INFO: [USF-XSim-97] XSim simulation ran for 1000ns
launch_simulation: Time (s): cpu = 00:00:06 ; elapsed = 00:00:16 . Memory (MB): peak = 2265.395 ; gain = 83.742
run 1 s
run: Time (s): cpu = 00:00:35 ; elapsed = 00:05:08 . Memory (MB): peak = 2285.133 ; gain = 15.594
close_sim
INFO: [Simtcl 6-16] Simulation closed
close_hw_manager
exit
INFO: [Common 17-206] Exiting Vivado at Wed Sep 27 16:18:32 2023...
