#-----------------------------------------------------------
# Vivado v2019.2 (64-bit)
# SW Build 2708876 on Wed Nov  6 21:40:23 MST 2019
# IP Build 2700528 on Thu Nov  7 00:09:20 MST 2019
# Start of session at: Fri Oct 13 13:59:09 2023
# Process ID: 5696
# Current directory: F:/project/IP/IP_PLL/PLL
# Command line: vivado.exe -gui_launcher_event rodinguilauncherevent5368 F:\project\IP\IP_PLL\PLL\PLL.xpr
# Log file: F:/project/IP/IP_PLL/PLL/vivado.log
# Journal file: F:/project/IP/IP_PLL/PLL\vivado.jou
#-----------------------------------------------------------
start_gui
open_project F:/project/IP/IP_PLL/PLL/PLL.xpr
Scanning sources...
Finished scanning sources
INFO: [IP_Flow 19-234] Refreshing IP repositories
INFO: [IP_Flow 19-1704] No user IP repositories specified
INFO: [IP_Flow 19-2313] Loaded Vivado IP repository 'F:/vivado/2019.2/data/ip'.
open_project: Time (s): cpu = 00:00:13 ; elapsed = 00:00:05 . Memory (MB): peak = 887.293 ; gain = 162.066
update_compile_order -fileset sources_1
exit
INFO: [Common 17-206] Exiting Vivado at Fri Oct 13 14:07:07 2023...
