# do {tb_Mux2_1_compile.do}
# ** Warning: (vlib-34) Library already exists at "modelsim_lib/work".
# ** Warning: (vlib-34) Library already exists at "modelsim_lib/msim".
# ** Warning: (vlib-34) Library already exists at "modelsim_lib/msim/xil_defaultlib".
# Model Technology ModelSim SE-64 vmap 10.5 Lib Mapping Utility 2016.02 Feb 13 2016
# vmap xil_defaultlib modelsim_lib/msim/xil_defaultlib 
# Modifying modelsim.ini
# ** Warning: (vlog-159) Mode option -64 is not supported in this context and will be ignored.
# Model Technology ModelSim SE-64 vlog 10.5 Compiler 2016.02 Feb 13 2016
# Start time: 19:56:15 on Sep 01,2023
# vlog -64 -incr -work xil_defaultlib ../../../../../rtl/Mux2_1.v ../../../../../rtl/tb_Mux2_1.v 
# -- Skipping module Mux2_1
# -- Skipping module tb_Mux2_1
# 
# Top level modules:
# 	tb_Mux2_1
# End time: 19:56:15 on Sep 01,2023, Elapsed time: 0:00:00
# Errors: 0, Warnings: 1
# Model Technology ModelSim SE-64 vlog 10.5 Compiler 2016.02 Feb 13 2016
# Start time: 19:56:15 on Sep 01,2023
# vlog -work xil_defaultlib glbl.v 
# -- Compiling module glbl
# 
# Top level modules:
# 	glbl
# End time: 19:56:15 on Sep 01,2023, Elapsed time: 0:00:00
# Errors: 0, Warnings: 0
